\o Program:		@(#)$CDS: libManager version 6.1.8 - CAT37 07/23/2021 16:48 (sjfdcl1033) $
\o Sub version:		sub-version  s203 
\o Arguments:		-unmapped -mpssession virtuoso3783666 -mpshost fastx3-09.ews.illinois.edu 
\o Working Directory:	fastx3-09.ews.illinois.edu:/home/upai3/ece482.work/gpdk045/serdes
\o 64-bit offsets
\o Qt version: 		5.9.1
\o changeWorkingDir("/home/upai3/ece482.work/gpdk045/serdes") unnecessary.
\o ddSetForcedLib("") unnecessary.
\o Log file is "/home/upai3/ece482.work/gpdk045/serdes/libManager.log".
\o Opening libManager window.
\a nrSetWindowVisibility(cdsLibManager "show")
\o MPS service: map window
\o Library Manager customization server connected.
\a nrSetCurrentWindow(cdsLibManager)
\a nrResizeWindow(cdsLibManager list(671 163 484 461))
\a nrSetCurrentWindow(cdsLibManager)
\a nrResizeWindow(cdsLibManager list(671 163 657 596))
\a nrSetWindowVisibility(cdsLibManager "hide")
\a _lmgrCloseIconify("cdsLibManager" 1)
\o MPS service: shutdown
\o libManager is exiting.
\a exit(0)
