Mdi:ArrangeIcons
wm geometry . 900x785+568+163
Mdi:ArrangeIcons
Mdi:ArrangeIcons
Mdi:ArrangeIcons
Mdi:ArrangeIcons
Mdi:ArrangeIcons
ScopeSigMgr:loadpffile /home/upai3/ece482.work/gpdk045/serdes/netlists/xor.tr0 1 openonly
# PF:1
wm geometry .sigmgr._PF:1 290x358+1280+708
pf:read PF:1 v(a) v(b) v(f)
# WF:1:1 WF:1:2 WF:1:3
Graph addsignal {WF:1:1 WF:1:2 WF:1:3} -region {new new new} -yview {real(y) real(y) real(y)} -xview {real(x) real(x) real(x)} -tracehi {2 2 2}
# Signal0 Signal1 Signal2
wm geometry .sigmgr 467x236+992+283
wm geometry .sigmgr 467x236+1159+296
wm geometry .sigmgr 467x236+1412+320
wm geometry .sigmgr 467x236+1514+327
wm geometry .sigmgr 467x236+1520+327
wm geometry .sigmgr._PF:1 290x358+1289+700
wm geometry .sigmgr._PF:1 290x358+1561+668
wm geometry .sigmgr._PF:1 290x358+1612+661
Mdi:ArrangeIcons
wm geometry . 2560x1281+-1+27
Mdi:Resize 1546 1071
Mdi:Move 5 5
Graph:Select Graph0
Graph:DSel
Graph itemselect Signal1 add
# Signal1
Graph sigconfig Signal1 -region 0 -rgnindex 1
Graph:DSel
Graph itemselect Signal2 add
# Signal2
Graph sigconfig Signal2 -region 0 -rgnindex 2
wm geometry .sigmgr 467x236+1521+327
wm geometry .sigmgr 467x236+1663+296
wm geometry .sigmgr 467x236+1805+240
wm geometry .sigmgr._PF:1 290x358+1630+656
wm geometry .sigmgr._PF:1 290x358+1870+607
wm geometry .sigmgr._PF:1 290x358+1921+595
